<?xml version="1.0" encoding="UTF-8"?>
<!-- Generated by org.testng.reporters.JUnitReportReporter -->
<testsuite hostname="DESKTOP-FP801PF" failures="0" tests="3" name="testCases.TC001_AccountRegistrationTest" time="7.920" errors="0" timestamp="2025-03-24T11:22:50 GMT" skipped="0">
  <testcase classname="testCases.TC001_AccountRegistrationTest" name="verifyAccountRegistration" time="2.890"/>
  <testcase classname="testCases.TC001_AccountRegistrationTest" name="verifyAccountRegistration" time="2.484"/>
  <testcase classname="testCases.TC001_AccountRegistrationTest" name="verifyAccountRegistration" time="2.546"/>
</testsuite> <!-- testCases.TC001_AccountRegistrationTest -->
