<?xml version="1.0" encoding="UTF-8"?>
<!-- Generated by org.testng.reporters.JUnitReportReporter -->
<testsuite hostname="DESKTOP-FP801PF" failures="0" tests="6" name="testCases.TC003_LoginTest_DDT" time="41.114" errors="0" timestamp="2025-03-24T11:40:10 GMT" skipped="0">
  <testcase classname="testCases.TC003_LoginTest_DDT" name="loginDataDriven" time="11.175"/>
  <testcase classname="testCases.TC003_LoginTest_DDT" name="loginDataDriven" time="2.835"/>
  <testcase classname="testCases.TC003_LoginTest_DDT" name="loginDataDriven" time="2.595"/>
  <testcase classname="testCases.TC003_LoginTest_DDT" name="loginDataDriven" time="10.813"/>
  <testcase classname="testCases.TC003_LoginTest_DDT" name="loginDataDriven" time="2.942"/>
  <testcase classname="testCases.TC003_LoginTest_DDT" name="loginDataDriven" time="10.754"/>
</testsuite> <!-- testCases.TC003_LoginTest_DDT -->
