<?xml version="1.0" encoding="UTF-8"?>
<!-- Generated by org.testng.reporters.JUnitReportReporter -->
<testsuite hostname="DESKTOP-FP801PF" failures="0" tests="1" name="testCases.TC002_LoginTest" time="1.816" errors="0" timestamp="2025-03-24T11:40:10 GMT" skipped="0">
  <testcase classname="testCases.TC002_LoginTest" name="verify_login" time="1.816"/>
</testsuite> <!-- testCases.TC002_LoginTest -->
