<?xml version="1.0" encoding="UTF-8"?>
<!-- Generated by org.testng.reporters.JUnitReportReporter -->
<testsuite hostname="DESKTOP-FP801PF" failures="0" tests="6" name="testCases.TC003_LoginTest_DDT" time="42.082" errors="0" timestamp="2025-03-25T09:37:03 GMT" skipped="0">
  <testcase classname="testCases.TC003_LoginTest_DDT" name="loginDataDriven" time="11.227"/>
  <testcase classname="testCases.TC003_LoginTest_DDT" name="loginDataDriven" time="10.743"/>
  <testcase classname="testCases.TC003_LoginTest_DDT" name="loginDataDriven" time="2.976"/>
  <testcase classname="testCases.TC003_LoginTest_DDT" name="loginDataDriven" time="2.682"/>
  <testcase classname="testCases.TC003_LoginTest_DDT" name="loginDataDriven" time="3.086"/>
  <testcase classname="testCases.TC003_LoginTest_DDT" name="loginDataDriven" time="11.368"/>
</testsuite> <!-- testCases.TC003_LoginTest_DDT -->
